<?xml version="1.0" encoding="UTF-8"?>
<testsuite name="PrimeCalculatorTest" tests="5" skipped="0" failures="0" errors="0" timestamp="2024-04-17T18:35:42" hostname="DESKTOP-TICE1IG" time="0.268">
  <properties/>
  <testcase name="testUndefinedPrime()" classname="PrimeCalculatorTest" time="0.175"/>
  <testcase name="testSixthPrime()" classname="PrimeCalculatorTest" time="0.038"/>
  <testcase name="testFirstPrime()" classname="PrimeCalculatorTest" time="0.01"/>
  <testcase name="testSecondPrime()" classname="PrimeCalculatorTest" time="0.02"/>
  <testcase name="testBigPrime()" classname="PrimeCalculatorTest" time="0.012"/>
  <system-out><![CDATA[]]></system-out>
  <system-err><![CDATA[]]></system-err>
</testsuite>
