<?xml version="1.0" encoding="UTF-8"?>
<testsuite name="TwoferTest" tests="3" skipped="0" failures="0" errors="0" timestamp="2024-04-17T14:35:41" hostname="DESKTOP-TICE1IG" time="0.63">
  <properties/>
  <testcase name="noNameGiven()" classname="TwoferTest" time="0.604"/>
  <testcase name="aNameGiven()" classname="TwoferTest" time="0.014"/>
  <testcase name="anotherNameGiven()" classname="TwoferTest" time="0.002"/>
  <system-out><![CDATA[]]></system-out>
  <system-err><![CDATA[]]></system-err>
</testsuite>
